<?xml version="1.0" encoding="UTF-8"?>
<!-- Generated by org.testng.reporters.JUnitReportReporter -->
<testsuite hostname="DESKTOP-MCS3M3G" failures="0" tests="2" name="testcases.PaymentManage" time="0.011" errors="0" timestamp="2022-05-16T21:52:48 IST" skipped="0">
  <testcase classname="testcases.PaymentManage" name="makePayment" time="0.010"/>
  <system-out/>
  <testcase classname="testcases.PaymentManage" name="applyDiscount" time="0.001"/>
  <system-out/>
</testsuite> <!-- testcases.PaymentManage -->
