<?xml version="1.0" encoding="UTF-8"?>
<!-- Generated by org.testng.reporters.JUnitReportReporter -->
<testsuite hostname="DESKTOP-MCS3M3G" failures="0" tests="2" name="testcases.CustomerComm" time="0.005" errors="0" timestamp="2022-05-16T21:52:48 IST" skipped="0">
  <testcase classname="testcases.CustomerComm" name="checkMobileVerif" time="0.002"/>
  <system-out/>
  <testcase classname="testcases.CustomerComm" name="checkEmailVerif" time="0.003"/>
  <system-out/>
</testsuite> <!-- testcases.CustomerComm -->
