<?xml version="1.0" encoding="UTF-8"?>
<!-- Generated by org.testng.reporters.JUnitReportReporter -->
<testsuite hostname="DESKTOP-MCS3M3G" failures="0" tests="4" name="testcases.BoobingSearch" time="0.019" errors="0" timestamp="2022-05-16T21:53:40 IST" skipped="0">
  <testcase classname="testcases.BoobingSearch" name="loadBooking" time="0.003"/>
  <system-out/>
  <testcase classname="testcases.BoobingSearch" name="searchHotel" time="0.002"/>
  <system-out/>
  <testcase classname="testcases.BoobingSearch" name="cancelBookin" time="0.011"/>
  <system-out/>
  <testcase classname="testcases.BoobingSearch" name="selectHotel" time="0.003"/>
  <system-out/>
</testsuite> <!-- testcases.BoobingSearch -->
