<?xml version="1.0" encoding="UTF-8"?>
<!-- Generated by org.testng.reporters.JUnitReportReporter -->
<testsuite hostname="DESKTOP-MCS3M3G" failures="0" tests="4" name="TestCases.DataDrivenTest" time="12.191" errors="0" timestamp="10 Jul 2023 05:46:47 GMT" skipped="0">
  <testcase classname="TestCases.DataDrivenTest" name="login" time="1.171"/>
  <testcase classname="TestCases.DataDrivenTest" name="login" time="8.807"/>
  <testcase classname="TestCases.DataDrivenTest" name="login" time="1.104"/>
  <testcase classname="TestCases.DataDrivenTest" name="login" time="1.109"/>
</testsuite> <!-- TestCases.DataDrivenTest -->
