<?xml version="1.0" encoding="UTF-8"?>
<!-- Generated by org.testng.reporters.JUnitReportReporter -->
<testsuite hostname="DESKTOP-MCS3M3G" failures="0" tests="2" name="TestCases.NewTest" time="0.001" errors="0" timestamp="10 Jul 2023 05:46:47 GMT" skipped="0">
  <testcase classname="TestCases.NewTest" name="f" time="0.000"/>
  <testcase classname="TestCases.NewTest" name="f" time="0.001"/>
</testsuite> <!-- TestCases.NewTest -->
