<?xml version="1.0" encoding="UTF-8"?>
<!-- Generated by org.testng.reporters.JUnitReportReporter -->
<testsuite hostname="DESKTOP-MCS3M3G" failures="0" tests="1" name="testCases.Login" time="0.011" errors="0" timestamp="2022-09-16T15:03:36 IST" skipped="0">
  <testcase classname="testCases.Login" name="f" time="0.011"/>
  <system-out/>
</testsuite> <!-- testCases.Login -->
