<?xml version="1.0" encoding="UTF-8"?>
<!-- Generated by org.testng.reporters.JUnitReportReporter -->
<testsuite hostname="DESKTOP-MCS3M3G" failures="0" tests="4" name="testCases.CustomerCommunication" time="0.007" errors="0" timestamp="2022-09-16T14:41:13 IST" skipped="0">
  <testcase classname="testCases.CustomerCommunication" name="getConfirmByMail" time="0.002"/>
  <system-out/>
  <testcase classname="testCases.CustomerCommunication" name="getConfirmByPhone" time="0.001"/>
  <system-out/>
  <testcase classname="testCases.CustomerCommunication" name="getConfirmByMail" time="0.002"/>
  <system-out/>
  <testcase classname="testCases.CustomerCommunication" name="getConfirmByPhone" time="0.002"/>
  <system-out/>
</testsuite> <!-- testCases.CustomerCommunication -->
