<?xml version="1.0" encoding="UTF-8"?>
<!-- Generated by org.testng.reporters.JUnitReportReporter -->
<testsuite hostname="DESKTOP-MCS3M3G" failures="0" tests="5" name="testCases.NewHotelBooking" time="0.014" errors="0" timestamp="2022-09-16T14:41:13 IST" skipped="0">
  <testcase classname="testCases.NewHotelBooking" name="selectHotel" time="0.002"/>
  <system-out/>
  <testcase classname="testCases.NewHotelBooking" name="guestInfo" time="0.001"/>
  <system-out/>
  <testcase classname="testCases.NewHotelBooking" name="searchHotel" time="0.009"/>
  <system-out/>
  <testcase classname="testCases.NewHotelBooking" name="guestInfo" time="0.001"/>
  <system-out/>
  <testcase classname="testCases.NewHotelBooking" name="loadingHotel" time="0.001"/>
  <system-out/>
</testsuite> <!-- testCases.NewHotelBooking -->
