<?xml version="1.0" encoding="UTF-8"?>
<!-- Generated by org.testng.reporters.JUnitReportReporter -->
<testsuite hostname="DESKTOP-MCS3M3G" failures="0" tests="3" name="invoiceTestCases.ClientInvoice" time="39.373" errors="0" timestamp="2023-05-10T14:43:13 IST" skipped="0">
  <testcase classname="invoiceTestCases.ClientInvoice" name="clientInvoiceWithoutAdvance" time="20.620"/>
  <system-out/>
  <testcase classname="invoiceTestCases.ClientInvoice" name="createClient" time="9.153"/>
  <system-out/>
  <testcase classname="invoiceTestCases.ClientInvoice" name="clientPO" time="9.600"/>
  <system-out/>
</testsuite> <!-- invoiceTestCases.ClientInvoice -->
