<?xml version="1.0" encoding="UTF-8"?>
<!-- Generated by org.testng.reporters.JUnitReportReporter -->
<testsuite hostname="DESKTOP-MCS3M3G" failures="0" tests="2" name="excelReaderOperation.DataMangementWithHashTable" time="0.012" errors="0" timestamp="2023-05-15T12:30:43 IST" skipped="0">
  <testcase classname="excelReaderOperation.DataMangementWithHashTable" name="Test" time="0.010"/>
  <system-out/>
  <testcase classname="excelReaderOperation.DataMangementWithHashTable" name="Test" time="0.002"/>
  <system-out/>
</testsuite> <!-- excelReaderOperation.DataMangementWithHashTable -->
