<?xml version="1.0" encoding="UTF-8"?>
<!-- Generated by org.testng.reporters.JUnitReportReporter -->
<testsuite hostname="DESKTOP-MCS3M3G" failures="0" tests="2" name="excelReaderOperation.DataMgmtFinalVersion" time="0.029" errors="0" timestamp="2023-05-15T12:45:53 IST" skipped="0">
  <testcase classname="excelReaderOperation.DataMgmtFinalVersion" name="f" time="0.012"/>
  <system-out/>
  <testcase classname="excelReaderOperation.DataMgmtFinalVersion" name="f" time="0.017"/>
  <system-out/>
</testsuite> <!-- excelReaderOperation.DataMgmtFinalVersion -->
