<?xml version="1.0" encoding="UTF-8"?>
<!-- Generated by org.testng.reporters.JUnitReportReporter -->
<testsuite hostname="DESKTOP-MCS3M3G" failures="0" tests="2" name="excelReaderOperation.DataMgmtWithDataProvider" time="0.010" errors="0" timestamp="2023-05-15T11:59:52 IST" skipped="0">
  <testcase classname="excelReaderOperation.DataMgmtWithDataProvider" name="Test" time="0.002"/>
  <system-out/>
  <testcase classname="excelReaderOperation.DataMgmtWithDataProvider" name="Test" time="0.008"/>
  <system-out/>
</testsuite> <!-- excelReaderOperation.DataMgmtWithDataProvider -->
