<?xml version="1.0" encoding="UTF-8"?>
<!-- Generated by org.testng.reporters.JUnitReportReporter -->
<testsuite hostname="DESKTOP-MCS3M3G" failures="0" tests="2" name="excelReaderOperation.NewTest" time="0.026" errors="0" timestamp="2023-05-10T18:09:40 IST" skipped="0">
  <testcase classname="excelReaderOperation.NewTest" name="f" time="0.014"/>
  <system-out/>
  <testcase classname="excelReaderOperation.NewTest" name="f" time="0.012"/>
  <system-out/>
</testsuite> <!-- excelReaderOperation.NewTest -->
