<?xml version="1.0" encoding="UTF-8"?>
<!-- Generated by org.testng.reporters.JUnitReportReporter -->
<testsuite hostname="DESKTOP-MCS3M3G" failures="0" tests="2" name="excelReaderOperation.FacebookFinalVersion" time="20.499" errors="0" timestamp="2023-05-15T14:22:51 IST" skipped="1">
  <testcase classname="excelReaderOperation.FacebookFinalVersion" name="f" time="11.040">
    <skipped/>
  </testcase> <!-- f -->
  <system-out/>
  <testcase classname="excelReaderOperation.FacebookFinalVersion" name="f" time="9.459"/>
  <system-out/>
</testsuite> <!-- excelReaderOperation.FacebookFinalVersion -->
