<?xml version="1.0" encoding="UTF-8"?>
<!-- Generated by org.testng.reporters.JUnitReportReporter -->
<testsuite hostname="DESKTOP-MCS3M3G" failures="0" tests="4" name="testcases.PaymentManager" time="0.005" errors="0" timestamp="2023-05-03T12:19:34 IST" skipped="0">
  <testcase classname="testcases.PaymentManager" name="makePayment" time="0.001"/>
  <system-out/>
  <testcase classname="testcases.PaymentManager" name="makePayment" time="0.002"/>
  <system-out/>
  <testcase classname="testcases.PaymentManager" name="applyDicount" time="0.001"/>
  <system-out/>
  <testcase classname="testcases.PaymentManager" name="applyDicount" time="0.001"/>
  <system-out/>
</testsuite> <!-- testcases.PaymentManager -->
