<?xml version="1.0" encoding="UTF-8"?>
<!-- Generated by org.testng.reporters.JUnitReportReporter -->
<testsuite hostname="DESKTOP-MCS3M3G" failures="0" tests="5" name="testcases.HotelBooking" time="0.021" errors="0" timestamp="2023-05-03T12:19:34 IST" skipped="0">
  <testcase classname="testcases.HotelBooking" name="selectHotel" time="0.004"/>
  <system-out/>
  <testcase classname="testcases.HotelBooking" name="enterGuestInfo" time="0.002"/>
  <system-out/>
  <testcase classname="testcases.HotelBooking" name="searchHotel" time="0.012"/>
  <system-out/>
  <testcase classname="testcases.HotelBooking" name="enterGuestInfo" time="0.002"/>
  <system-out/>
  <testcase classname="testcases.HotelBooking" name="loadBooking" time="0.001"/>
  <system-out/>
</testsuite> <!-- testcases.HotelBooking -->
