<?xml version="1.0" encoding="UTF-8"?>
<!-- Generated by org.testng.reporters.JUnitReportReporter -->
<testsuite hostname="DESKTOP-MCS3M3G" failures="0" tests="4" name="testcases.CommunicationProcess" time="0.008" errors="0" timestamp="2023-05-03T12:19:34 IST" skipped="0">
  <testcase classname="testcases.CommunicationProcess" name="checkMailVerification" time="0.001"/>
  <system-out/>
  <testcase classname="testcases.CommunicationProcess" name="checkMobailVerification" time="0.003"/>
  <system-out/>
  <testcase classname="testcases.CommunicationProcess" name="checkMailVerification" time="0.002"/>
  <system-out/>
  <testcase classname="testcases.CommunicationProcess" name="checkMobailVerification" time="0.002"/>
  <system-out/>
</testsuite> <!-- testcases.CommunicationProcess -->
