<?xml version="1.0" encoding="UTF-8"?>
<!-- Generated by org.testng.reporters.JUnitReportReporter -->
<testsuite hostname="DESKTOP-MCS3M3G" failures="0" tests="3" name="invoiceTestCases.ClientInvoice" time="38.064" errors="0" timestamp="2023-05-09T16:03:15 IST" skipped="0">
  <testcase classname="invoiceTestCases.ClientInvoice" name="clientPO" time="8.795"/>
  <system-out/>
  <testcase classname="invoiceTestCases.ClientInvoice" name="createClient" time="8.698"/>
  <system-out/>
  <testcase classname="invoiceTestCases.ClientInvoice" name="clientInvoiceWithAdvance" time="20.571"/>
  <system-out/>
</testsuite> <!-- invoiceTestCases.ClientInvoice -->
