<?xml version="1.0" encoding="UTF-8"?>
<!-- Generated by org.testng.reporters.JUnitReportReporter -->
<testsuite hostname="DESKTOP-MCS3M3G" failures="0" tests="1" name="testcases.PortifolioMgmt" time="0.000" errors="0" timestamp="2023-05-18T14:32:33 IST" skipped="1">
  <testcase classname="testcases.PortifolioMgmt" name="createPortifolio" time="0.000">
    <skipped/>
  </testcase> <!-- createPortifolio -->
  <system-out/>
</testsuite> <!-- testcases.PortifolioMgmt -->
