<?xml version="1.0" encoding="UTF-8"?>
<!-- Generated by org.testng.reporters.JUnitReportReporter -->
<testsuite hostname="DESKTOP-MCS3M3G" failures="0" tests="2" name="TestCases.FacebookFinalVersion" time="17.179" errors="0" timestamp="2023-05-31T14:29:05 IST" skipped="1">
  <testcase classname="TestCases.FacebookFinalVersion" name="f" time="5.708">
    <skipped/>
  </testcase> <!-- f -->
  <system-out/>
  <testcase classname="TestCases.FacebookFinalVersion" name="f" time="11.471"/>
  <system-out/>
</testsuite> <!-- TestCases.FacebookFinalVersion -->
