<?xml version="1.0" encoding="UTF-8"?>
<!-- Generated by org.testng.reporters.JUnitReportReporter -->
<testsuite hostname="DESKTOP-MCS3M3G" failures="0" tests="2" name="TestCases.DataManagementFinalVersion" time="0.011" errors="0" timestamp="2023-06-02T16:07:45 IST" skipped="0">
  <testcase classname="TestCases.DataManagementFinalVersion" name="f" time="0.003"/>
  <system-out/>
  <testcase classname="TestCases.DataManagementFinalVersion" name="f" time="0.008"/>
  <system-out/>
</testsuite> <!-- TestCases.DataManagementFinalVersion -->
