<?xml version="1.0" encoding="UTF-8"?>
<!-- Generated by org.testng.reporters.JUnitReportReporter -->
<testsuite hostname="DESKTOP-MCS3M3G" failures="0" tests="2" name="TestCases.NewTest" time="0.009" errors="0" timestamp="2023-05-30T18:13:44 IST" skipped="0">
  <testcase classname="TestCases.NewTest" name="f" time="0.008"/>
  <system-out/>
  <testcase classname="TestCases.NewTest" name="f" time="0.001"/>
  <system-out/>
</testsuite> <!-- TestCases.NewTest -->
