<?xml version="1.0" encoding="UTF-8"?>
<!-- Generated by org.testng.reporters.JUnitReportReporter -->
<testsuite hostname="DESKTOP-MCS3M3G" failures="0" tests="4" name="TestCases.DataDrivenTest" time="12.695" errors="0" timestamp="2023-05-31T14:24:20 IST" skipped="0">
  <testcase classname="TestCases.DataDrivenTest" name="login" time="8.842"/>
  <system-out/>
  <testcase classname="TestCases.DataDrivenTest" name="login" time="1.291"/>
  <system-out/>
  <testcase classname="TestCases.DataDrivenTest" name="login" time="1.439"/>
  <system-out/>
  <testcase classname="TestCases.DataDrivenTest" name="login" time="1.123"/>
  <system-out/>
</testsuite> <!-- TestCases.DataDrivenTest -->
